c:\users\c0024547\onedrive - newcastle university\8503 release  2021\8503 release  2021\plugins\networking-enet\debug\networking-enet.pdb
c:\users\c0024547\onedrive - newcastle university\8503 release  2021\8503 release  2021\plugins\networking-enet\debug\networking-enet.idb
c:\users\c0024547\onedrive - newcastle university\8503 release  2021\8503 release  2021\plugins\networking-enet\debug\win32.obj
c:\users\c0024547\onedrive - newcastle university\8503 release  2021\8503 release  2021\plugins\networking-enet\debug\protocol.obj
c:\users\c0024547\onedrive - newcastle university\8503 release  2021\8503 release  2021\plugins\networking-enet\debug\peer.obj
c:\users\c0024547\onedrive - newcastle university\8503 release  2021\8503 release  2021\plugins\networking-enet\debug\packet.obj
c:\users\c0024547\onedrive - newcastle university\8503 release  2021\8503 release  2021\plugins\networking-enet\debug\list.obj
c:\users\c0024547\onedrive - newcastle university\8503 release  2021\8503 release  2021\plugins\networking-enet\debug\host.obj
c:\users\c0024547\onedrive - newcastle university\8503 release  2021\8503 release  2021\plugins\networking-enet\debug\compress.obj
c:\users\c0024547\onedrive - newcastle university\8503 release  2021\8503 release  2021\plugins\networking-enet\debug\callbacks.obj
h:\desktop\8503 release  2021\plugins\networking-enet\debug\networking-enet.pdb
h:\desktop\8503 release  2021\plugins\networking-enet\debug\networking-enet.idb
h:\desktop\8503 release  2021\plugins\networking-enet\debug\win32.obj
h:\desktop\8503 release  2021\plugins\networking-enet\debug\protocol.obj
h:\desktop\8503 release  2021\plugins\networking-enet\debug\peer.obj
h:\desktop\8503 release  2021\plugins\networking-enet\debug\packet.obj
h:\desktop\8503 release  2021\plugins\networking-enet\debug\list.obj
h:\desktop\8503 release  2021\plugins\networking-enet\debug\host.obj
h:\desktop\8503 release  2021\plugins\networking-enet\debug\compress.obj
h:\desktop\8503 release  2021\plugins\networking-enet\debug\callbacks.obj
c:\users\c0024547\onedrive - newcastle university\8503 release  2021\8503 release  2021\win32\debug\networking-enet.lib
h:\desktop\8503 release  2021\win32\debug\networking-enet.lib
h:\desktop\8503 release  2021\win32\debug\networking-enet.pdb
h:\desktop\8503 release  2021\plugins\networking-enet\debug\networking-enet.tlog\cl.command.1.tlog
h:\desktop\8503 release  2021\plugins\networking-enet\debug\networking-enet.tlog\cl.read.1.tlog
h:\desktop\8503 release  2021\plugins\networking-enet\debug\networking-enet.tlog\cl.write.1.tlog
h:\desktop\8503 release  2021\plugins\networking-enet\debug\networking-enet.tlog\lib-link.read.1.tlog
h:\desktop\8503 release  2021\plugins\networking-enet\debug\networking-enet.tlog\lib-link.write.1.tlog
h:\desktop\8503 release  2021\plugins\networking-enet\debug\networking-enet.tlog\lib.command.1.tlog
