  CollisionDetection.cpp
G:\GameEngine\Demo\ZhengYang He coursework\8503 Release  2021\CSC8503\CSC8503Common\CollisionDetection.h(44,1): warning C4293: “<<”: Shift 计数为负或过大，其行为未定义
G:\GameEngine\Demo\ZhengYang He coursework\8503 Release  2021\CSC8503\CSC8503Common\CollisionDetection.h(45,1): warning C4293: “<<”: Shift 计数为负或过大，其行为未定义
  Debug.cpp
G:\GameEngine\Demo\ZhengYang He coursework\8503 Release  2021\CSC8503\CSC8503Common\Debug.cpp(67,20): warning C4018: “<”: 有符号/无符号不匹配
G:\GameEngine\Demo\ZhengYang He coursework\8503 Release  2021\CSC8503\CSC8503Common\Debug.cpp(78,16): warning C4018: “>=”: 有符号/无符号不匹配
  GameObject.cpp
G:\GameEngine\Demo\ZhengYang He coursework\8503 Release  2021\CSC8503\CSC8503Common\CollisionDetection.h(44,1): warning C4293: “<<”: Shift 计数为负或过大，其行为未定义
G:\GameEngine\Demo\ZhengYang He coursework\8503 Release  2021\CSC8503\CSC8503Common\CollisionDetection.h(45,1): warning C4293: “<<”: Shift 计数为负或过大，其行为未定义
  GameWorld.cpp
G:\GameEngine\Demo\ZhengYang He coursework\8503 Release  2021\CSC8503\CSC8503Common\CollisionDetection.h(44,1): warning C4293: “<<”: Shift 计数为负或过大，其行为未定义
G:\GameEngine\Demo\ZhengYang He coursework\8503 Release  2021\CSC8503\CSC8503Common\CollisionDetection.h(45,1): warning C4293: “<<”: Shift 计数为负或过大，其行为未定义
  NavigationGrid.cpp
  NavigationMesh.cpp
  PhysicsObject.cpp
G:\GameEngine\Demo\ZhengYang He coursework\8503 Release  2021\CSC8503\CSC8503Common\CollisionDetection.h(44,1): warning C4293: “<<”: Shift 计数为负或过大，其行为未定义
G:\GameEngine\Demo\ZhengYang He coursework\8503 Release  2021\CSC8503\CSC8503Common\CollisionDetection.h(45,1): warning C4293: “<<”: Shift 计数为负或过大，其行为未定义
  PhysicsSystem.cpp
G:\GameEngine\Demo\ZhengYang He coursework\8503 Release  2021\CSC8503\CSC8503Common\CollisionDetection.h(44,1): warning C4293: “<<”: Shift 计数为负或过大，其行为未定义
G:\GameEngine\Demo\ZhengYang He coursework\8503 Release  2021\CSC8503\CSC8503Common\CollisionDetection.h(45,1): warning C4293: “<<”: Shift 计数为负或过大，其行为未定义
  PositionConstraint.cpp
  PushdownMachine.cpp
  QuadTree.cpp
G:\GameEngine\Demo\ZhengYang He coursework\8503 Release  2021\CSC8503\CSC8503Common\CollisionDetection.h(44,1): warning C4293: “<<”: Shift 计数为负或过大，其行为未定义
G:\GameEngine\Demo\ZhengYang He coursework\8503 Release  2021\CSC8503\CSC8503Common\CollisionDetection.h(45,1): warning C4293: “<<”: Shift 计数为负或过大，其行为未定义
  RenderObject.cpp
  StateMachine.cpp
  StateTransition.cpp
  Transform.cpp
  OrientationConstraint.cpp
  正在生成代码...
  CSC8503Common.vcxproj -> G:\GameEngine\Demo\ZhengYang He coursework\8503 Release  2021\Win32\Debug\CSC8503Common.lib
