c:\users\c0024547\onedrive - newcastle university\8503 release  2021\8503 release  2021\csc8503\csc8503common\debug\csc8503common.pdb
c:\users\c0024547\onedrive - newcastle university\8503 release  2021\8503 release  2021\csc8503\csc8503common\debug\csc8503common.idb
c:\users\c0024547\onedrive - newcastle university\8503 release  2021\8503 release  2021\csc8503\csc8503common\debug\transform.obj
c:\users\c0024547\onedrive - newcastle university\8503 release  2021\8503 release  2021\csc8503\csc8503common\debug\statetransition.obj
c:\users\c0024547\onedrive - newcastle university\8503 release  2021\8503 release  2021\csc8503\csc8503common\debug\statemachine.obj
c:\users\c0024547\onedrive - newcastle university\8503 release  2021\8503 release  2021\csc8503\csc8503common\debug\renderobject.obj
c:\users\c0024547\onedrive - newcastle university\8503 release  2021\8503 release  2021\csc8503\csc8503common\debug\quadtree.obj
c:\users\c0024547\onedrive - newcastle university\8503 release  2021\8503 release  2021\csc8503\csc8503common\debug\pushdownmachine.obj
c:\users\c0024547\onedrive - newcastle university\8503 release  2021\8503 release  2021\csc8503\csc8503common\debug\positionconstraint.obj
c:\users\c0024547\onedrive - newcastle university\8503 release  2021\8503 release  2021\csc8503\csc8503common\debug\physicssystem.obj
c:\users\c0024547\onedrive - newcastle university\8503 release  2021\8503 release  2021\csc8503\csc8503common\debug\physicsobject.obj
c:\users\c0024547\onedrive - newcastle university\8503 release  2021\8503 release  2021\csc8503\csc8503common\debug\navigationmesh.obj
c:\users\c0024547\onedrive - newcastle university\8503 release  2021\8503 release  2021\csc8503\csc8503common\debug\navigationgrid.obj
c:\users\c0024547\onedrive - newcastle university\8503 release  2021\8503 release  2021\csc8503\csc8503common\debug\gameworld.obj
c:\users\c0024547\onedrive - newcastle university\8503 release  2021\8503 release  2021\csc8503\csc8503common\debug\gameobject.obj
c:\users\c0024547\onedrive - newcastle university\8503 release  2021\8503 release  2021\csc8503\csc8503common\debug\debug.obj
c:\users\c0024547\onedrive - newcastle university\8503 release  2021\8503 release  2021\csc8503\csc8503common\debug\collisiondetection.obj
h:\desktop\8503 release  2021\csc8503\csc8503common\debug\csc8503common.pdb
h:\desktop\8503 release  2021\csc8503\csc8503common\debug\csc8503common.idb
h:\desktop\8503 release  2021\csc8503\csc8503common\debug\transform.obj
h:\desktop\8503 release  2021\csc8503\csc8503common\debug\statetransition.obj
h:\desktop\8503 release  2021\csc8503\csc8503common\debug\statemachine.obj
h:\desktop\8503 release  2021\csc8503\csc8503common\debug\renderobject.obj
h:\desktop\8503 release  2021\csc8503\csc8503common\debug\quadtree.obj
h:\desktop\8503 release  2021\csc8503\csc8503common\debug\pushdownmachine.obj
h:\desktop\8503 release  2021\csc8503\csc8503common\debug\positionconstraint.obj
h:\desktop\8503 release  2021\csc8503\csc8503common\debug\physicssystem.obj
h:\desktop\8503 release  2021\csc8503\csc8503common\debug\physicsobject.obj
h:\desktop\8503 release  2021\csc8503\csc8503common\debug\navigationmesh.obj
h:\desktop\8503 release  2021\csc8503\csc8503common\debug\navigationgrid.obj
h:\desktop\8503 release  2021\csc8503\csc8503common\debug\gameworld.obj
h:\desktop\8503 release  2021\csc8503\csc8503common\debug\gameobject.obj
h:\desktop\8503 release  2021\csc8503\csc8503common\debug\debug.obj
h:\desktop\8503 release  2021\csc8503\csc8503common\debug\collisiondetection.obj
h:\desktop\8503 release  2021\csc8503\csc8503common\debug\stategameobject.obj
c:\users\c0024547\onedrive - newcastle university\8503 release  2021\8503 release  2021\win32\debug\csc8503common.lib
h:\desktop\8503 release  2021\win32\debug\csc8503common.lib
h:\desktop\8503 release  2021\win32\debug\csc8503common.pdb
h:\desktop\8503 release  2021\csc8503\csc8503common\debug\csc8503common.tlog\cl.command.1.tlog
h:\desktop\8503 release  2021\csc8503\csc8503common\debug\csc8503common.tlog\cl.read.1.tlog
h:\desktop\8503 release  2021\csc8503\csc8503common\debug\csc8503common.tlog\cl.write.1.tlog
h:\desktop\8503 release  2021\csc8503\csc8503common\debug\csc8503common.tlog\lib-link.read.1.tlog
h:\desktop\8503 release  2021\csc8503\csc8503common\debug\csc8503common.tlog\lib-link.write.1.tlog
h:\desktop\8503 release  2021\csc8503\csc8503common\debug\csc8503common.tlog\lib.command.1.tlog
