c:\uni\games engineering code\game-engineering-codebase\plugins\networking-enet\debug\networking-enet.pdb
c:\uni\games engineering code\game-engineering-codebase\plugins\networking-enet\debug\networking-enet.idb
g:\gameengine\physics engine\8503 release  2021\8503 release  2021\win32\debug\networking-enet.pdb
g:\gameengine\physics engine\8503 release  2021\8503 release  2021\win32\debug\networking-enet.idb
g:\gameengine\physics engine\8503 release  2021\8503 release  2021\plugins\networking-enet\debug\win32.obj
g:\gameengine\physics engine\8503 release  2021\8503 release  2021\plugins\networking-enet\debug\protocol.obj
g:\gameengine\physics engine\8503 release  2021\8503 release  2021\plugins\networking-enet\debug\peer.obj
g:\gameengine\physics engine\8503 release  2021\8503 release  2021\plugins\networking-enet\debug\packet.obj
g:\gameengine\physics engine\8503 release  2021\8503 release  2021\plugins\networking-enet\debug\list.obj
g:\gameengine\physics engine\8503 release  2021\8503 release  2021\plugins\networking-enet\debug\host.obj
g:\gameengine\physics engine\8503 release  2021\8503 release  2021\plugins\networking-enet\debug\compress.obj
g:\gameengine\physics engine\8503 release  2021\8503 release  2021\plugins\networking-enet\debug\callbacks.obj
c:\uni\game-engineering-codebase\win32\debug\networking-enet.lib
c:\uni\games engineering code\8503 release\win32\debug\networking-enet.lib
g:\gameengine\physics engine\8503 release  2021\8503 release  2021\win32\debug\networking-enet.lib
g:\gameengine\physics engine\8503 release  2021\8503 release  2021\plugins\networking-enet\debug\networking-enet.idb
g:\gameengine\physics engine\8503 release  2021\8503 release  2021\plugins\networking-enet\debug\networking-enet.pdb
g:\gameengine\physics engine\8503 release  2021\8503 release  2021\plugins\networking-enet\debug\networking-enet.tlog\cl.command.1.tlog
g:\gameengine\physics engine\8503 release  2021\8503 release  2021\plugins\networking-enet\debug\networking-enet.tlog\cl.read.1.tlog
g:\gameengine\physics engine\8503 release  2021\8503 release  2021\plugins\networking-enet\debug\networking-enet.tlog\cl.write.1.tlog
g:\gameengine\physics engine\8503 release  2021\8503 release  2021\plugins\networking-enet\debug\networking-enet.tlog\lib-link.read.1.tlog
g:\gameengine\physics engine\8503 release  2021\8503 release  2021\plugins\networking-enet\debug\networking-enet.tlog\lib-link.write.1.tlog
g:\gameengine\physics engine\8503 release  2021\8503 release  2021\plugins\networking-enet\debug\networking-enet.tlog\lib.command.1.tlog
