c:\users\c0024547\onedrive - newcastle university\8503 release  2021\8503 release  2021\csc8503\gametech\debug\vc142.pdb
c:\users\c0024547\onedrive - newcastle university\8503 release  2021\8503 release  2021\csc8503\gametech\debug\vc142.idb
c:\users\c0024547\onedrive - newcastle university\8503 release  2021\8503 release  2021\csc8503\gametech\debug\tutorialgame.obj
c:\users\c0024547\onedrive - newcastle university\8503 release  2021\8503 release  2021\csc8503\gametech\debug\stategameobject.obj
c:\users\c0024547\onedrive - newcastle university\8503 release  2021\8503 release  2021\csc8503\gametech\debug\main.obj
c:\users\c0024547\onedrive - newcastle university\8503 release  2021\8503 release  2021\csc8503\gametech\debug\gametechrenderer.obj
h:\desktop\8503 release  2021\csc8503\gametech\debug\vc142.pdb
h:\desktop\8503 release  2021\csc8503\gametech\debug\vc142.idb
h:\desktop\8503 release  2021\csc8503\gametech\debug\tutorialgame.obj
h:\desktop\8503 release  2021\csc8503\gametech\debug\stategameobject.obj
h:\desktop\8503 release  2021\csc8503\gametech\debug\main.obj
h:\desktop\8503 release  2021\csc8503\gametech\debug\gametechrenderer.obj
c:\users\c0024547\onedrive - newcastle university\8503 release  2021\8503 release  2021\win32\debug\gametech.ilk
c:\users\c0024547\onedrive - newcastle university\8503 release  2021\8503 release  2021\win32\debug\gametech.exe
c:\users\c0024547\onedrive - newcastle university\8503 release  2021\8503 release  2021\win32\debug\gametech.pdb
h:\desktop\8503 release  2021\win32\debug\gametech.exe
h:\desktop\8503 release  2021\win32\debug\gametech.ilk
h:\desktop\8503 release  2021\win32\debug\gametech.pdb
h:\desktop\8503 release  2021\csc8503\gametech\debug\gametech.ilk
h:\desktop\8503 release  2021\csc8503\gametech\debug\gametech.tlog\cl.command.1.tlog
h:\desktop\8503 release  2021\csc8503\gametech\debug\gametech.tlog\cl.read.1.tlog
h:\desktop\8503 release  2021\csc8503\gametech\debug\gametech.tlog\cl.write.1.tlog
h:\desktop\8503 release  2021\csc8503\gametech\debug\gametech.tlog\link.command.1.tlog
h:\desktop\8503 release  2021\csc8503\gametech\debug\gametech.tlog\link.delete.1.tlog
h:\desktop\8503 release  2021\csc8503\gametech\debug\gametech.tlog\link.read.1.tlog
h:\desktop\8503 release  2021\csc8503\gametech\debug\gametech.tlog\link.write.1.tlog
