d:\8503 release  2021\x64\debug\csc8503common.pdb
d:\8503 release  2021\x64\debug\csc8503common.idb
d:\8503 release  2021\csc8503\csc8503common\x64\debug\transform.obj
d:\8503 release  2021\csc8503\csc8503common\x64\debug\statetransition.obj
d:\8503 release  2021\csc8503\csc8503common\x64\debug\statemachine.obj
d:\8503 release  2021\csc8503\csc8503common\x64\debug\renderobject.obj
d:\8503 release  2021\csc8503\csc8503common\x64\debug\quadtree.obj
d:\8503 release  2021\csc8503\csc8503common\x64\debug\pushdownstate.obj
d:\8503 release  2021\csc8503\csc8503common\x64\debug\pushdownmachine.obj
d:\8503 release  2021\csc8503\csc8503common\x64\debug\physicssystem.obj
d:\8503 release  2021\csc8503\csc8503common\x64\debug\physicsobject.obj
d:\8503 release  2021\csc8503\csc8503common\x64\debug\navigationmesh.obj
d:\8503 release  2021\csc8503\csc8503common\x64\debug\navigationgrid.obj
d:\8503 release  2021\csc8503\csc8503common\x64\debug\gameworld.obj
d:\8503 release  2021\csc8503\csc8503common\x64\debug\gameobject.obj
d:\8503 release  2021\csc8503\csc8503common\x64\debug\debug.obj
d:\8503 release  2021\csc8503\csc8503common\x64\debug\collisiondetection.obj
d:\8503 release  2021\csc8503\csc8503common\x64\debug\positionconstraint.obj
d:\8503 release  2021\x64\debug\csc8503common.lib
d:\8503 release  2021\csc8503\csc8503common\x64\debug\csc8503common.tlog\cl.command.1.tlog
d:\8503 release  2021\csc8503\csc8503common\x64\debug\csc8503common.tlog\cl.read.1.tlog
d:\8503 release  2021\csc8503\csc8503common\x64\debug\csc8503common.tlog\cl.write.1.tlog
d:\8503 release  2021\csc8503\csc8503common\x64\debug\csc8503common.tlog\lib-link.read.1.tlog
d:\8503 release  2021\csc8503\csc8503common\x64\debug\csc8503common.tlog\lib-link.write.1.tlog
d:\8503 release  2021\csc8503\csc8503common\x64\debug\csc8503common.tlog\lib.command.1.tlog
