g:\gameengine\physics engine\8503 release  2021\8503 release  2021\win32\debug\csc8503common.pdb
g:\gameengine\physics engine\8503 release  2021\8503 release  2021\win32\debug\csc8503common.idb
g:\gameengine\physics engine\8503 release  2021\8503 release  2021\csc8503\csc8503common\debug\transform.obj
g:\gameengine\physics engine\8503 release  2021\8503 release  2021\csc8503\csc8503common\debug\statetransition.obj
g:\gameengine\physics engine\8503 release  2021\8503 release  2021\csc8503\csc8503common\debug\statemachine.obj
g:\gameengine\physics engine\8503 release  2021\8503 release  2021\csc8503\csc8503common\debug\renderobject.obj
g:\gameengine\physics engine\8503 release  2021\8503 release  2021\csc8503\csc8503common\debug\quadtree.obj
g:\gameengine\physics engine\8503 release  2021\8503 release  2021\csc8503\csc8503common\debug\pushdownstate.obj
g:\gameengine\physics engine\8503 release  2021\8503 release  2021\csc8503\csc8503common\debug\pushdownmachine.obj
g:\gameengine\physics engine\8503 release  2021\8503 release  2021\csc8503\csc8503common\debug\positionconstraint.obj
g:\gameengine\physics engine\8503 release  2021\8503 release  2021\csc8503\csc8503common\debug\physicssystem.obj
g:\gameengine\physics engine\8503 release  2021\8503 release  2021\csc8503\csc8503common\debug\physicsobject.obj
g:\gameengine\physics engine\8503 release  2021\8503 release  2021\csc8503\csc8503common\debug\navigationmesh.obj
g:\gameengine\physics engine\8503 release  2021\8503 release  2021\csc8503\csc8503common\debug\navigationgrid.obj
g:\gameengine\physics engine\8503 release  2021\8503 release  2021\csc8503\csc8503common\debug\gameworld.obj
g:\gameengine\physics engine\8503 release  2021\8503 release  2021\csc8503\csc8503common\debug\gameobject.obj
g:\gameengine\physics engine\8503 release  2021\8503 release  2021\csc8503\csc8503common\debug\debug.obj
g:\gameengine\physics engine\8503 release  2021\8503 release  2021\csc8503\csc8503common\debug\collisiondetection.obj
g:\gameengine\physics engine\8503 release  2021\8503 release  2021\win32\debug\csc8503common.lib
g:\gameengine\physics engine\8503 release  2021\8503 release  2021\csc8503\csc8503common\debug\csc8503common.tlog\cl.command.1.tlog
g:\gameengine\physics engine\8503 release  2021\8503 release  2021\csc8503\csc8503common\debug\csc8503common.tlog\cl.read.1.tlog
g:\gameengine\physics engine\8503 release  2021\8503 release  2021\csc8503\csc8503common\debug\csc8503common.tlog\cl.write.1.tlog
g:\gameengine\physics engine\8503 release  2021\8503 release  2021\csc8503\csc8503common\debug\csc8503common.tlog\lib-link.read.1.tlog
g:\gameengine\physics engine\8503 release  2021\8503 release  2021\csc8503\csc8503common\debug\csc8503common.tlog\lib-link.write.1.tlog
g:\gameengine\physics engine\8503 release  2021\8503 release  2021\csc8503\csc8503common\debug\csc8503common.tlog\lib.command.1.tlog
