c:\users\c0024547\onedrive - newcastle university\8503 release  2021\8503 release  2021\plugins\openglrendering\debug\openglrendering.pdb
c:\users\c0024547\onedrive - newcastle university\8503 release  2021\8503 release  2021\plugins\openglrendering\debug\openglrendering.idb
c:\users\c0024547\onedrive - newcastle university\8503 release  2021\8503 release  2021\plugins\openglrendering\debug\glad.obj
c:\users\c0024547\onedrive - newcastle university\8503 release  2021\8503 release  2021\plugins\openglrendering\debug\ogltexture.obj
c:\users\c0024547\onedrive - newcastle university\8503 release  2021\8503 release  2021\plugins\openglrendering\debug\oglshader.obj
c:\users\c0024547\onedrive - newcastle university\8503 release  2021\8503 release  2021\plugins\openglrendering\debug\oglrenderer.obj
c:\users\c0024547\onedrive - newcastle university\8503 release  2021\8503 release  2021\plugins\openglrendering\debug\oglmesh.obj
c:\users\c0024547\onedrive - newcastle university\8503 release  2021\8503 release  2021\plugins\openglrendering\debug\oglcomputeshader.obj
h:\desktop\8503 release  2021\plugins\openglrendering\debug\openglrendering.pdb
h:\desktop\8503 release  2021\plugins\openglrendering\debug\openglrendering.idb
h:\desktop\8503 release  2021\plugins\openglrendering\debug\glad.obj
h:\desktop\8503 release  2021\plugins\openglrendering\debug\ogltexture.obj
h:\desktop\8503 release  2021\plugins\openglrendering\debug\oglshader.obj
h:\desktop\8503 release  2021\plugins\openglrendering\debug\oglrenderer.obj
h:\desktop\8503 release  2021\plugins\openglrendering\debug\oglmesh.obj
h:\desktop\8503 release  2021\plugins\openglrendering\debug\oglcomputeshader.obj
c:\users\c0024547\onedrive - newcastle university\8503 release  2021\8503 release  2021\win32\debug\openglrendering.lib
h:\desktop\8503 release  2021\win32\debug\openglrendering.lib
h:\desktop\8503 release  2021\win32\debug\openglrendering.pdb
h:\desktop\8503 release  2021\plugins\openglrendering\debug\openglrendering.tlog\cl.command.1.tlog
h:\desktop\8503 release  2021\plugins\openglrendering\debug\openglrendering.tlog\cl.read.1.tlog
h:\desktop\8503 release  2021\plugins\openglrendering\debug\openglrendering.tlog\cl.write.1.tlog
h:\desktop\8503 release  2021\plugins\openglrendering\debug\openglrendering.tlog\lib-link.read.1.tlog
h:\desktop\8503 release  2021\plugins\openglrendering\debug\openglrendering.tlog\lib-link.write.1.tlog
h:\desktop\8503 release  2021\plugins\openglrendering\debug\openglrendering.tlog\lib.command.1.tlog
