g:\gameengine\physics engine\8503 release  2021\8503 release  2021\win32\debug\common.pdb
g:\gameengine\physics engine\8503 release  2021\8503 release  2021\win32\debug\common.idb
g:\gameengine\physics engine\8503 release  2021\8503 release  2021\common\debug\texturewriter.obj
g:\gameengine\physics engine\8503 release  2021\8503 release  2021\common\debug\textureloader.obj
g:\gameengine\physics engine\8503 release  2021\8503 release  2021\common\debug\texturebase.obj
g:\gameengine\physics engine\8503 release  2021\8503 release  2021\common\debug\simplefont.obj
g:\gameengine\physics engine\8503 release  2021\8503 release  2021\common\debug\shaderbase.obj
g:\gameengine\physics engine\8503 release  2021\8503 release  2021\common\debug\rendererbase.obj
g:\gameengine\physics engine\8503 release  2021\8503 release  2021\common\debug\quaternion.obj
g:\gameengine\physics engine\8503 release  2021\8503 release  2021\common\debug\plane.obj
g:\gameengine\physics engine\8503 release  2021\8503 release  2021\common\debug\mouse.obj
g:\gameengine\physics engine\8503 release  2021\8503 release  2021\common\debug\meshmaterial.obj
g:\gameengine\physics engine\8503 release  2021\8503 release  2021\common\debug\meshgeometry.obj
g:\gameengine\physics engine\8503 release  2021\8503 release  2021\common\debug\meshanimation.obj
g:\gameengine\physics engine\8503 release  2021\8503 release  2021\common\debug\matrix4.obj
g:\gameengine\physics engine\8503 release  2021\8503 release  2021\common\debug\matrix3.obj
g:\gameengine\physics engine\8503 release  2021\8503 release  2021\common\debug\matrix2.obj
g:\gameengine\physics engine\8503 release  2021\8503 release  2021\common\debug\maths.obj
g:\gameengine\physics engine\8503 release  2021\8503 release  2021\common\debug\keyboard.obj
g:\gameengine\physics engine\8503 release  2021\8503 release  2021\common\debug\gametimer.obj
g:\gameengine\physics engine\8503 release  2021\8503 release  2021\common\debug\camera.obj
g:\gameengine\physics engine\8503 release  2021\8503 release  2021\common\debug\assets.obj
g:\gameengine\physics engine\8503 release  2021\8503 release  2021\common\debug\window.obj
g:\gameengine\physics engine\8503 release  2021\8503 release  2021\common\debug\win32window.obj
g:\gameengine\physics engine\8503 release  2021\8503 release  2021\common\debug\win32mouse.obj
g:\gameengine\physics engine\8503 release  2021\8503 release  2021\common\debug\win32keyboard.obj
g:\gameengine\physics engine\8503 release  2021\8503 release  2021\common\debug\vector4.obj
g:\gameengine\physics engine\8503 release  2021\8503 release  2021\common\debug\vector3.obj
g:\gameengine\physics engine\8503 release  2021\8503 release  2021\common\debug\vector2.obj
g:\gameengine\physics engine\8503 release  2021\8503 release  2021\win32\debug\common.lib
g:\gameengine\physics engine\8503 release  2021\8503 release  2021\common\debug\common.tlog\cl.command.1.tlog
g:\gameengine\physics engine\8503 release  2021\8503 release  2021\common\debug\common.tlog\cl.read.1.tlog
g:\gameengine\physics engine\8503 release  2021\8503 release  2021\common\debug\common.tlog\cl.write.1.tlog
g:\gameengine\physics engine\8503 release  2021\8503 release  2021\common\debug\common.tlog\lib-link.read.1.tlog
g:\gameengine\physics engine\8503 release  2021\8503 release  2021\common\debug\common.tlog\lib-link.write.1.tlog
g:\gameengine\physics engine\8503 release  2021\8503 release  2021\common\debug\common.tlog\lib.command.1.tlog
